[    0.000000] Linux version 4.15.0-72-generic (buildd@lcy01-amd64-026) (gcc version 7.4.0 (Ubuntu 7.4.0-1ubuntu1~18.04.1)) #81-Ubuntu SMP Tue Nov 26 12:20:02 UTC 201 (Ubuntu 4.15.0-72.81-generic 4.15.18)
[    0.000000] Command line: BOOT_IMAGE=/boot/vmlinuz-4.15.0-72-generic root=UUID=997085ba-b58f-436e-bf90-9b60460919f0 ro console=tty1 console=ttyS0
[    0.000000] KERNEL supported cpus:
[    0.000000]   Intel GenuineIntel
[    0.000000]   AMD AuthenticAMD
[    0.000000]   Centaur CentaurHauls
[    0.000000] x86/fpu: Supporting XSAVE feature 0x001: 'x87 floating point registers'
[    0.000000] x86/fpu: Supporting XSAVE feature 0x002: 'SSE registers'
[    0.000000] x86/fpu: Supporting XSAVE feature 0x004: 'AVX registers'
[    0.000000] x86/fpu: xstate_offset[2]:  576, xstate_sizes[2]:  256
[    0.000000] x86/fpu: Enabled xstate features 0x7, context size is 832 bytes, using 'standard' format.
[    0.000000] e820: BIOS-provided physical RAM map:
[    0.000000] BIOS-e820: [mem 0x0000000000000000-0x000000000009fbff] usable
[    0.000000] BIOS-e820: [mem 0x000000000009fc00-0x000000000009ffff] reserved
[    0.000000] BIOS-e820: [mem 0x00000000000f0000-0x00000000000fffff] reserved
[    0.000000] BIOS-e820: [mem 0x0000000000100000-0x000000003ffeffff] usable
[    0.000000] BIOS-e820: [mem 0x000000003fff0000-0x000000003fffffff] ACPI data
[    0.000000] BIOS-e820: [mem 0x00000000fec00000-0x00000000fec00fff] reserved
[    0.000000] BIOS-e820: [mem 0x00000000fee00000-0x00000000fee00fff] reserved
[    0.000000] BIOS-e820: [mem 0x00000000fffc0000-0x00000000ffffffff] reserved
[    0.000000] NX (Execute Disable) protection: active
[    0.000000] SMBIOS 2.5 present.
[    0.000000] DMI: innotek GmbH VirtualBox/VirtualBox, BIOS VirtualBox 12/01/2006
[    0.000000] Hypervisor detected: KVM
[    0.000000] e820: last_pfn = 0x3fff0 max_arch_pfn = 0x400000000
[    0.000000] MTRR: Disabled
[    0.000000] x86/PAT: MTRRs disabled, skipping PAT initialization too.
[    0.000000] CPU MTRRs all blank - virtualized system.
[    0.000000] x86/PAT: Configuration [0-7]: WB  WT  UC- UC  WB  WT  UC- UC  
[    0.000000] found SMP MP-table at [mem 0x0009fff0-0x0009ffff]
[    0.000000] Scanning 1 areas for low memory corruption
[    0.000000] RAMDISK: [mem 0x35967000-0x36caafff]
[    0.000000] ACPI: Early table checksum verification disabled
[    0.000000] ACPI: RSDP 0x00000000000E0000 000024 (v02 VBOX  )
[    0.000000] ACPI: XSDT 0x000000003FFF0030 00003C (v01 VBOX   VBOXXSDT 00000001 ASL  00000061)
[    0.000000] ACPI: FACP 0x000000003FFF00F0 0000F4 (v04 VBOX   VBOXFACP 00000001 ASL  00000061)
[    0.000000] ACPI: DSDT 0x000000003FFF0470 0021FF (v02 VBOX   VBOXBIOS 00000002 INTL 20100528)
[    0.000000] ACPI: FACS 0x000000003FFF0200 000040
[    0.000000] ACPI: FACS 0x000000003FFF0200 000040
[    0.000000] ACPI: APIC 0x000000003FFF0240 00005C (v02 VBOX   VBOXAPIC 00000001 ASL  00000061)
[    0.000000] ACPI: SSDT 0x000000003FFF02A0 0001CC (v01 VBOX   VBOXCPUT 00000002 INTL 20100528)
[    0.000000] No NUMA configuration found
[    0.000000] Faking a node at [mem 0x0000000000000000-0x000000003ffeffff]
[    0.000000] NODE_DATA(0) allocated [mem 0x3ffc5000-0x3ffeffff]
[    0.000000] kvm-clock: cpu 0, msr 0:3ff44001, primary cpu clock
[    0.000000] kvm-clock: Using msrs 4b564d01 and 4b564d00
[    0.000000] kvm-clock: using sched offset of 7158108428 cycles
[    0.000000] clocksource: kvm-clock: mask: 0xffffffffffffffff max_cycles: 0x1cd42e4dffb, max_idle_ns: 881590591483 ns
[    0.000000] Zone ranges:
[    0.000000]   DMA      [mem 0x0000000000001000-0x0000000000ffffff]
[    0.000000]   DMA32    [mem 0x0000000001000000-0x000000003ffeffff]
[    0.000000]   Normal   empty
[    0.000000]   Device   empty
[    0.000000] Movable zone start for each node
[    0.000000] Early memory node ranges
[    0.000000]   node   0: [mem 0x0000000000001000-0x000000000009efff]
[    0.000000]   node   0: [mem 0x0000000000100000-0x000000003ffeffff]
[    0.000000] Reserved but unavailable: 98 pages
[    0.000000] Initmem setup node 0 [mem 0x0000000000001000-0x000000003ffeffff]
[    0.000000] ACPI: PM-Timer IO Port: 0x4008
[    0.000000] IOAPIC[0]: apic_id 2, version 32, address 0xfec00000, GSI 0-23
[    0.000000] ACPI: INT_SRC_OVR (bus 0 bus_irq 0 global_irq 2 dfl dfl)
[    0.000000] ACPI: INT_SRC_OVR (bus 0 bus_irq 9 global_irq 9 low level)
[    0.000000] Using ACPI (MADT) for SMP configuration information
[    0.000000] smpboot: Allowing 2 CPUs, 0 hotplug CPUs
[    0.000000] PM: Registered nosave memory: [mem 0x00000000-0x00000fff]
[    0.000000] PM: Registered nosave memory: [mem 0x0009f000-0x0009ffff]
[    0.000000] PM: Registered nosave memory: [mem 0x000a0000-0x000effff]
[    0.000000] PM: Registered nosave memory: [mem 0x000f0000-0x000fffff]
[    0.000000] e820: [mem 0x40000000-0xfebfffff] available for PCI devices
[    0.000000] Booting paravirtualized kernel on KVM
[    0.000000] clocksource: refined-jiffies: mask: 0xffffffff max_cycles: 0xffffffff, max_idle_ns: 7645519600211568 ns
[    0.000000] random: get_random_bytes called from start_kernel+0x99/0x4fd with crng_init=0
[    0.000000] setup_percpu: NR_CPUS:8192 nr_cpumask_bits:2 nr_cpu_ids:2 nr_node_ids:1
[    0.000000] percpu: Embedded 45 pages/cpu s147456 r8192 d28672 u1048576
[    0.000000] PV qspinlock hash table entries: 256 (order: 0, 4096 bytes)
[    0.000000] Built 1 zonelists, mobility grouping on.  Total pages: 257913
[    0.000000] Policy zone: DMA32
[    0.000000] Kernel command line: BOOT_IMAGE=/boot/vmlinuz-4.15.0-72-generic root=UUID=997085ba-b58f-436e-bf90-9b60460919f0 ro console=tty1 console=ttyS0
[    0.000000] Memory: 982868K/1048120K available (12300K kernel code, 2481K rwdata, 4264K rodata, 2428K init, 2388K bss, 65252K reserved, 0K cma-reserved)
[    0.000000] SLUB: HWalign=64, Order=0-3, MinObjects=0, CPUs=2, Nodes=1
[    0.000000] Kernel/User page tables isolation: enabled
[    0.000000] ftrace: allocating 39318 entries in 154 pages
[    0.004000] Hierarchical RCU implementation.
[    0.004000] 	RCU restricting CPUs from NR_CPUS=8192 to nr_cpu_ids=2.
[    0.004000] 	Tasks RCU enabled.
[    0.004000] RCU: Adjusting geometry for rcu_fanout_leaf=16, nr_cpu_ids=2
[    0.004000] NR_IRQS: 524544, nr_irqs: 440, preallocated irqs: 16
[    0.004000] Console: colour VGA+ 80x25
[    0.004000] console [tty1] enabled
[    0.004000] console [ttyS0] enabled
[    0.004000] ACPI: Core revision 20170831
[    0.004000] ACPI: 2 ACPI AML tables successfully acquired and loaded
[    0.004000] APIC: Switch to symmetric I/O mode setup
[    0.005483] x2apic enabled
[    0.008017] Switched APIC routing to physical x2apic.
[    0.016000] ..TIMER: vector=0x30 apic1=0 pin1=2 apic2=-1 pin2=-1
[    0.016008] tsc: Detected 2594.006 MHz processor
[    0.020015] Calibrating delay loop (skipped) preset value.. 5188.01 BogoMIPS (lpj=10376024)
[    0.022444] pid_max: default: 32768 minimum: 301
[    0.024071] Security Framework initialized
[    0.025311] Yama: becoming mindful.
[    0.026441] AppArmor: AppArmor initialized
[    0.032085] Dentry cache hash table entries: 131072 (order: 8, 1048576 bytes)
[    0.036134] Inode-cache hash table entries: 65536 (order: 7, 524288 bytes)
[    0.040061] Mount-cache hash table entries: 2048 (order: 2, 16384 bytes)
[    0.044022] Mountpoint-cache hash table entries: 2048 (order: 2, 16384 bytes)
[    0.053260] Last level iTLB entries: 4KB 1024, 2MB 1024, 4MB 1024
[    0.056010] Last level dTLB entries: 4KB 1024, 2MB 1024, 4MB 1024, 1GB 4
[    0.060006] Spectre V1 : Mitigation: usercopy/swapgs barriers and __user pointer sanitization
[    0.064005] Spectre V2 : Mitigation: Full generic retpoline
[    0.065593] Spectre V2 : Spectre v2 / SpectreRSB mitigation: Filling RSB on context switch
[    0.068003] Speculative Store Bypass: Vulnerable
[    0.069434] MDS: Vulnerable: Clear CPU buffers attempted, no microcode
[    0.072408] Freeing SMP alternatives memory: 36K
[    0.189065] smpboot: CPU0: Intel(R) Core(TM) i5-4300M CPU @ 2.60GHz (family: 0x6, model: 0x3c, stepping: 0x3)
[    0.192150] Performance Events: unsupported p6 CPU model 60 no PMU driver, software events only.
[    0.196210] Hierarchical SRCU implementation.
[    0.200809] NMI watchdog: Perf event create on CPU 0 failed with -2
[    0.204011] NMI watchdog: Perf NMI watchdog permanently disabled
[    0.208203] smp: Bringing up secondary CPUs ...
[    0.212184] x86: Booting SMP configuration:
[    0.216014] .... node  #0, CPUs:      #1
[    0.004000] kvm-clock: cpu 1, msr 0:3ff44041, secondary cpu clock
[    0.240110] smp: Brought up 1 node, 2 CPUs
[    0.244011] smpboot: Max logical packages: 1
[    0.248008] smpboot: Total of 2 processors activated (10376.02 BogoMIPS)
[    0.252232] devtmpfs: initialized
[    0.253168] x86/mm: Memory block size: 128MB
[    0.256421] evm: security.selinux
[    0.257504] evm: security.SMACK64
[    0.258589] evm: security.SMACK64EXEC
[    0.260004] evm: security.SMACK64TRANSMUTE
[    0.261250] evm: security.SMACK64MMAP
[    0.262413] evm: security.apparmor
[    0.264002] evm: security.ima
[    0.265007] evm: security.capability
[    0.268223] clocksource: jiffies: mask: 0xffffffff max_cycles: 0xffffffff, max_idle_ns: 7645041785100000 ns
[    0.270771] futex hash table entries: 512 (order: 3, 32768 bytes)
[    0.276019] pinctrl core: initialized pinctrl subsystem
[    0.277729] RTC time: 12:32:46, date: 12/13/19
[    0.280190] NET: Registered protocol family 16
[    0.281747] audit: initializing netlink subsys (disabled)
[    0.283369] audit: type=2000 audit(1576240346.739:1): state=initialized audit_enabled=0 res=1
[    0.328009] cpuidle: using governor ladder
[    0.332022] cpuidle: using governor menu
[    0.336178] ACPI: bus type PCI registered
[    0.338339] acpiphp: ACPI Hot Plug PCI Controller Driver version: 0.5
[    0.340272] PCI: Using configuration type 1 for base access
[    0.349129] HugeTLB registered 2.00 MiB page size, pre-allocated 0 pages
[    0.352252] ACPI: Added _OSI(Module Device)
[    0.356017] ACPI: Added _OSI(Processor Device)
[    0.358341] ACPI: Added _OSI(3.0 _SCP Extensions)
[    0.360018] ACPI: Added _OSI(Processor Aggregator Device)
[    0.362052] ACPI: Added _OSI(Linux-Dell-Video)
[    0.364005] ACPI: Added _OSI(Linux-Lenovo-NV-HDMI-Audio)
[    0.368004] ACPI: Added _OSI(Linux-HPI-Hybrid-Graphics)
[    0.370011] ACPI: Executed 1 blocks of module-level executable AML code
[    0.384885] ACPI: Interpreter enabled
[    0.386063] ACPI: (supports S0 S5)
[    0.387176] ACPI: Using IOAPIC for interrupt routing
[    0.388802] PCI: Using host bridge windows from ACPI; if necessary, use "pci=nocrs" and report a bug
[    0.392656] ACPI: Enabled 2 GPEs in block 00 to 07
[    0.416627] ACPI: PCI Root Bridge [PCI0] (domain 0000 [bus 00-ff])
[    0.420022] acpi PNP0A03:00: _OSC: OS supports [ASPM ClockPM Segments MSI]
[    0.424086] acpi PNP0A03:00: _OSC: not requesting OS control; OS requires [ExtendedConfig ASPM ClockPM MSI]
[    0.428032] acpi PNP0A03:00: fail to add MMCONFIG information, can't access extended PCI configuration space under this bridge.
[    0.432826] PCI host bridge to bus 0000:00
[    0.434096] pci_bus 0000:00: root bus resource [io  0x0000-0x0cf7 window]
[    0.436005] pci_bus 0000:00: root bus resource [io  0x0d00-0xffff window]
[    0.437917] pci_bus 0000:00: root bus resource [mem 0x000a0000-0x000bffff window]
[    0.440005] pci_bus 0000:00: root bus resource [mem 0x40000000-0xfdffffff window]
[    0.442259] pci_bus 0000:00: root bus resource [bus 00-ff]
[    0.448560] pci 0000:00:01.1: legacy IDE quirk: reg 0x10: [io  0x01f0-0x01f7]
[    0.450535] pci 0000:00:01.1: legacy IDE quirk: reg 0x14: [io  0x03f6]
[    0.452014] pci 0000:00:01.1: legacy IDE quirk: reg 0x18: [io  0x0170-0x0177]
[    0.453989] pci 0000:00:01.1: legacy IDE quirk: reg 0x1c: [io  0x0376]
[    0.490939] pci 0000:00:07.0: quirk: [io  0x4000-0x403f] claimed by PIIX4 ACPI
[    0.492066] pci 0000:00:07.0: quirk: [io  0x4100-0x410f] claimed by PIIX4 SMB
[    0.534527] ACPI: PCI Interrupt Link [LNKA] (IRQs 5 9 10 *11)
[    0.537499] ACPI: PCI Interrupt Link [LNKB] (IRQs 5 9 *10 11)
[    0.540423] ACPI: PCI Interrupt Link [LNKC] (IRQs 5 *9 10 11)
[    0.544757] ACPI: PCI Interrupt Link [LNKD] (IRQs 5 9 10 *11)
[    0.553802] SCSI subsystem initialized
[    0.556204] pci 0000:00:02.0: vgaarb: setting as boot VGA device
[    0.560000] pci 0000:00:02.0: vgaarb: VGA device added: decodes=io+mem,owns=io+mem,locks=none
[    0.560024] pci 0000:00:02.0: vgaarb: bridge control possible
[    0.564007] vgaarb: loaded
[    0.568100] ACPI: bus type USB registered
[    0.572044] usbcore: registered new interface driver usbfs
[    0.576061] usbcore: registered new interface driver hub
[    0.584038] usbcore: registered new device driver usb
[    0.588131] EDAC MC: Ver: 3.0.0
[    0.596358] PCI: Using ACPI for IRQ routing
[    0.604306] NetLabel: Initializing
[    0.608009] NetLabel:  domain hash size = 128
[    0.612007] NetLabel:  protocols = UNLABELED CIPSOv4 CALIPSO
[    0.616073] NetLabel:  unlabeled traffic allowed by default
[    0.620201] clocksource: Switched to clocksource kvm-clock
[   0.632]FS Disk quotas dquot_6.60
  1.063467] VFS: Dquot-cchha tleenris:51 (rder 0, 4096 bytes)
[   1.753804] AppArmor ApAmoFiesysemnale
[   2218pn: P CP iit
[  274656] pnp PP CPI: fun3 evce

[  3.354593] clocksource: acpi_pm: mask: 0xffffff max_cycles: 0xffffff, max_idle_ns: 2085701024 ns
[   .416] T:Restedprtocol amily 2

[    4.090600] TCP established hash table entries: 8192 (order: 4, 65536 bytes)
[    4.095324] TCP bind hash table entries: 8192 (order: 5, 131072 bytes)
[   .08354] CPHah abesoniged(etalihe812 in 8192)
[    4.954465] UDP hash table entries: 512 (order: 2, 16384 bytes)
[    4.958422] UDP-Lite hash table entries: 512 (order: 2, 16384 bytes)
[    4.962681] NET: Registered protocol family 1
[    4.96593] pc 000::0.0: Limiting direct PCI/PCI transfers
[    5.19995 pi 0000:00:01.0: Activating ISA DMA hang workarounds
[   3827 pi 000002: dedeice wih sadwe RM t em0x0000-000ff]   66759] packig itmf..

[    8.362097] Freeing initrd memory: 19728K
[    8.371192] clocksource: tsc: mask: 0xffffffffffffffff max_cycles: 0x25641dc4a8e, max_idle_ns: 440795265595 ns
[    8.455727] platform rtc_cmos: registered platform RTC device (no PNP device found)
[    8.461164] Scanning for low memory corruption every 60 seconds
[    8.510118] Initialise system trusted keyrings
[    8.543211] Key type blacklist registered
[    8.545803] workingset: timestamp_bits=36 max_order=18 bucket_order=0
[    8.582853] zbud: loaded
[    8.611676] squashfs: version 4.0 (2009/01/31) Phillip Lougher
[    8.619560] fuse init (API version 7.26)
[    8.627649] Key type asymmetric registered
[    8.641819] Asymmetric key parser 'x509' registered
[    8.643857] Block layer SCSI generic (bsg) driver version 0.4 loaded (major 246)
[    8.658151] io scheduler noop registered
[    8.659821] io scheduler deadline registered
[    8.673711] io scheduler cfq registered (default)
[    8.675665] ACPI: AC Adapter [AC] (off-line)
[    8.704959] input: Power Button as /devices/LNXSYSTM:00/LNXPWRBN:00/input/input0
[    8.787284] ACPI: Power Button [PWRF]
[    8.788714] input: Sleep Button as /devices/LNXSYSTM:00/LNXSLPBN:00/input/input1
[    8.792059] ACPI: Sleep Button [SLPF]
[    8.795926] ACPI: Battery Slot [BAT0] (battery present)
[    8.797545] Serial: 8250/16550 driver, 32 ports, IRQ sharing enabled
[    8.823097] 00:02: ttyS0 at I/O 0x3f8 (irq = 4, base_baud = 115200) is a 16550A
[   8.97952]Liuxaggat ntrfcev0103

[    9.403162] loop: module loaded
[    9.422274] scsi host0: ata_piix
[    9.423599] scsi host1: ata_piix
[    9.424753] ata1: PATA max UDMA/33 cmd 0x1f0 ctl 0x3f6 bmdma 0xd000 irq 14
[    9.426728] ata2: PATA max UDMA/33 cmd 0x170 ctl 0x376 bmdma 0xd008 irq 15
[    9.429092] libphy: Fixed MDIO Bus: probed
[    9.430573] tun: Universal TUN/TAP device driver, 1.6
[    9.473467] PPP generic driver version 2.4.2
[    9.507343] ehci_hcd: USB 2.0 'Enhanced' Host Controller (EHCI) Driver
[    9.539195] ehci-pci: EHCI PCI platform driver
[    9.540574] ehci-platform: EHCI generic platform driver
[    9.572535] ohci_hcd: USB 1.1 'Open' Host Controller (OHCI) Driver
[    9.576714] ohci-pci: OHCI PCI platform driver
[    9.579811] ohci-platform: OHCI generic platform driver
[    9.583440] uhci_hcd: USB Universal Host Controller Interface driver
[    9.602075] i8042: PNP: PS/2 Controller [PNP0303:PS2K,PNP0f03:PS2M] at 0x60,0x64 irq 1,12
[    9.621846] serio: i8042 KBD port at 0x60,0x64 irq 1
[    9.623945] serio: i8042 AUX port at 0x60,0x64 irq 12
[    9.626548] mousedev: PS/2 mouse device common for all mice
[    9.664115] input: AT Translated Set 2 keyboard as /devices/platform/i8042/serio0/input/input2
[    9.668506] rtc_cmos rtc_cmos: rtc core: registered rtc_cmos as rtc0
[    9.742529] rtc_cmos rtc_cmos: alarms up to one day, 114 bytes nvram
[    9.744349] i2c /dev entries driver
[    9.745611] device-mapper: uevent: version 1.0.3
[    9.750025] device-mapper: ioctl: 4.37.0-ioctl (2017-09-20) initialised: dm-devel@redhat.com
[    9.760685] ledtrig-cpu: registered to indicate activity on CPUs
[    9.770221] NET: Registered protocol family 10
[    9.786554] Segment Routing with IPv6
[    9.801105] NET: Registered protocol family 17
[    9.803133] Key type dns_resolver registered
[    9.814331] mce: Using 0 MCE banks
[    9.822364] RAS: Correctable Errors collector initialized.
[    9.824554] sched_clock: Marking stable (9824502199, 0)->(39633913268, -29809411069)
[    9.827760] registered taskstats version 1
[    9.830497] Loading compiled-in X.509 certificates
[    9.836404] Loaded X.509 cert 'Build time autogenerated kernel key: f4f7241365689b0cbe3898188e65e316fd8f978d'
[    9.856357] zswap: loaded using pool lzo/zbud
[    9.871591] Key type big_key registered
[    9.874976] Key type trusted registered
[    9.880328] Key type encrypted registered
[    9.881827] AppArmor: AppArmor sha1 policy hashing enabled
[    9.885489] ima: No TPM chip found, activating TPM-bypass! (rc=-19)
[    9.889499] ima: Allocated hash algorithm: sha1
[    9.891368] evm: HMAC attrs: 0x1
[    9.894519]   Magic number: 15:762:531
[    9.896150] tty ttyS11: hash matches
[    9.897604] rtc_cmos rtc_cmos: setting system clock to 2019-12-13 12:32:56 UTC (1576240376)
[    9.900462] BIOS EDD facility v0.16 2004-Jun-25, 0 devices found
[    9.902257] EDD information not available.
[    9.917303] Freeing unused kernel image memory: 2428K
[    9.936632] Write protecting the kernel read-only data: 20480k
[    9.962588] Freeing unused kernel image memory: 2008K
[    9.968560] Freeing unused kernel image memory: 1880K
[   10.014420] x86/mm: Checked W+X mappings: passed, no W+X pages found.
[   10.066021] x86/mm: Checking user space page tables
[   10.175090] x86/mm: Checked W+X mappings: passed, no W+X pages found.
Loading, please wait...
starting version 237
[   10.335923] Fusion MPT base driver 3.04.20
[   10.343416] Copyright (c) 1999-2008 LSI Corporation
[   10.357554] e1000: Intel(R) PRO/1000 Network Driver - version 7.3.21-k8-NAPI
[   10.362068] e1000: Copyright (c) 1999-2006 Intel Corporation.
[   10.408961] AVX2 version of gcm_enc/dec engaged.
[   10.442687] AES CTR mode by8 optimization enabled
[   10.475456] Fusion MPT SPI Host driver 3.04.20
[   10.662433] input: ImExPS/2 Generic Explorer Mouse as /devices/platform/i8042/serio1/input/input4
[   10.939258] e1000 0000:00:03.0 eth0: (PCI:33MHz:32-bit) 02:83:96:c1:64:f9
[   11.018527] e1000 0000:00:03.0 eth0: Intel(R) PRO/1000 Network Connection
[   14.094836] e1000 0000:00:08.0 eth1: (PCI:33MHz:32-bit) 08:00:27:2e:26:98
[   14.159793] e1000 0000:00:08.0 eth1: Intel(R) PRO/1000 Network Connection
[   14.223824] e1000 0000:00:03.0 enp0s3: renamed from eth0
[   14.248714] mptbase: ioc0: Initiating bringup
[   14.263112] e1000 0000:00:08.0 enp0s8: renamed from eth1
[   14.392193] ioc0: LSI53C1030 A0: Capabilities={Initiator}
[   16.210385] scsi host2: ioc0: LSI53C1030 A0, FwRev=00000000h, Ports=1, MaxQ=256, IRQ=20
[   17.471552] scsi 2:0:0:0: Direct-Access     VBOX     HARDDISK         1.0  PQ: 0 ANSI: 5
[   17.544942] scsi target2:0:0: Beginning Domain Validation
[   17.602394] scsi target2:0:0: Domain Validation skipping write tests
[   17.633748] scsi target2:0:0: Ending Domain Validation
[   17.710961] scsi target2:0:0: asynchronous
[   17.714328] scsi 2:0:1:0: Direct-Access     VBOX     HARDDISK         1.0  PQ: 0 ANSI: 5
[   17.756614] scsi target2:0:1: Beginning Domain Validation
[   17.762524] random: fast init done
[   18.995099] scsi target2:0:1: Domain Validation skipping write tests
[   19.039336] scsi target2:0:1: Ending Domain Validation
[   19.072827] scsi target2:0:1: asynchronous
[   19.137527] random: systemd-udevd: uninitialized urandom read (16 bytes read)
[   19.137758] sd 2:0:0:0: Attached scsi generic sg0 type 0
[   19.141896] random: systemd-udevd: uninitialized urandom read (16 bytes read)
[   19.161776] sd 2:0:1:0: Attached scsi generic sg1 type 0
[   19.165146] random: systemd-udevd: uninitialized urandom read (16 bytes read)
[   19.181842] sd 2:0:0:0: [sda] 20971520 512-byte logical blocks: (10.7 GB/10.0 GiB)
[   19.184273] sd 2:0:0:0: [sda] Write Protect is off
[   19.185756] sd 2:0:1:0: [sdb] 20480 512-byte logical blocks: (10.5 MB/10.0 MiB)
[   19.185892] sd 2:0:0:0: [sda] Incomplete mode parameter data
[   19.190770] sd 2:0:0:0: [sda] Assuming drive cache: write through
[   19.190794] sd 2:0:1:0: [sdb] Write Protect is off
[   19.232669] sd 2:0:1:0: [sdb] Incomplete mode parameter data
[   19.235826]  sda: sda1
[   19.238105] sd 2:0:1:0: [sdb] Assuming drive cache: write through
[   19.240381] sd 2:0:0:0: [sda] Attached SCSI disk
[   19.317273] sd 2:0:1:0: [sdb] Attached SCSI disk
Begin: Loading essential drivers ... [   21.992259] raid6: sse2x1   gen()  2789 MB/s
[   22.068419] raid6: sse2x1   xor()  1822 MB/s
[   22.168062] raid6: sse2x2   gen()  3926 MB/s
[   22.268565] raid6: sse2x2   xor()  2839 MB/s
[   22.360386] raid6: sse2x4   gen()  6456 MB/s
[   22.456045] raid6: sse2x4   xor()  3642 MB/s
[   22.572255] raid6: avx2x1   gen()  4601 MB/s
[   22.676660] raid6: avx2x1   xor()  2659 MB/s
[   22.772397] raid6: avx2x2   gen() 10152 MB/s
[   22.860349] raid6: avx2x2   xor()  1220 MB/s
[   22.924640] raid6: avx2x4   gen() 10393 MB/s
[   23.004735] raid6: avx2x4   xor()  7174 MB/s
[   23.067795] raid6: using algorithm avx2x4 gen() 10393 MB/s
[   23.099140] raid6: .... xor() 7174 MB/s, rmw enabled
[   23.106246] raid6: using avx2x2 recovery algorithm
[   23.115711] xor: automatically using best checksumming function   avx       
[   23.131828] async_tx: api initialized (async)
done.
Begin: Running /scripts/init-premount ... done.
Begin: Mounting root file system ... Begin: Running /scripts/local-top ... done.
Begin: Running /scripts/local-premount ... [   23.253765] Btrfs loaded, crc32c=crc32c-intel
Scanning for Btrfs filesystems
done.
Warning: fsck not present, so skipping root file system
[   23.620429] EXT4-fs (sda1): mounted filesystem with ordered data mode. Opts: (null)
done.
Begin: Running /scripts/local-bottom ... done.
Begin: Running /scripts/init-bottom ... done.
[   25.408930] random: crng init done
[   25.420653] random: 7 urandom warning(s) missed due to ratelimiting
[   26.565719] ip_tables: (C) 2000-2006 Netfilter Core Team
[   28.442050] systemd[1]: systemd 237 running in system mode. (+PAM +AUDIT +SELINUX +IMA +APPARMOR +SMACK +SYSVINIT +UTMP +LIBCRYPTSETUP +GCRYPT +GNUTLS +ACL +XZ +LZ4 +SECCOMP +BLKID +ELFUTILS +KMOD -IDN2 +IDN -PCRE2 default-hierarchy=hybrid)
[   32.251796] systemd[1]: Detected virtualization oracle.
[   32.353577] systemd[1]: Detected architecture x86-64.

Welcome to [1mUbuntu 18.04.3 LTS[0m!

[   32.510444] systemd[1]: Set hostname to <ubuntu-bionic>.
[   37.141766] systemd[1]: Reached target Swap.
[[0;32m  OK  [0m] Reached target Swap.
[   37.252439] systemd[1]: Reached target System Time Synchronized.
[[0;32m  OK  [0m] Reached target System Time Synchronized.
[   37.385224] systemd[1]: Reached target User and Group Name Lookups.
[[0;32m  OK  [0m] Reached target User and Group Name Lookups.
[   37.509151] systemd[1]: Created slice System Slice.
[[0;32m  OK  [0m] Created slice System Slice.
[   37.529607] systemd[1]: Listening on Journal Socket.
[[0;32m  OK  [0m] Listening on Journal Socket.
[   37.544391] systemd[1]: Listening on Network Service Netlink Socket.
[[0;32m  OK  [0m] Listening on Network Service Netlink Socket.
[   37.573497] systemd[1]: Listening on udev Control Socket.
[[0;32m  OK  [0m] Listening on udev Control Socket.
[   37.638843] systemd[1]: Listening on /dev/initctl Compatibility Named Pipe.
[[0;32m  OK  [0m] Listening on /dev/initctl Compatibility Named Pipe.
[   37.690296] systemd[1]: Mounting POSIX Message Queue File System...
         Mounting POSIX Message Queue File System...
[   37.714079] systemd[1]: Listening on Journal Socket (/dev/log).
[[0;32m  OK  [0m] Listening on Journal Socket (/dev/log).
[[0;32m  OK  [0m] Listening on Device-mapper event daemon FIFOs.
         Starting Remount Root and Kernel File Systems...
[[   37.855674] EXT4-fs (sda1): re-mounted. Opts: (null)
[0;32m  OK  [0m] Created slice system-serial\x2dgetty.slice.
[[0;32m  OK  [0m] Listening on Journal Audit Socket.
[[0;32m  OK  [0m] Listening on udev Kernel Socket.
         Starting udev Coldplug all Devices...
         Mounting Kernel Debug File System...
         Starting Set the console keyboard layout...
[[0;32m  OK  [0m] Started Forward Password Requests to Wall Directory Watch.
[[0;32m  OK  [0m] Created slice User and Session Slice.
[[0;32m  OK  [0m] Reached target Slices.
[[0;32m  OK  [0m] Listening on LVM2 metadata daemon socket.
         Starting Monitoring of LVM2 mirrors…ng dmeventd or progress polling...
[[0;32m  OK  [0m] Set up automount Arbitrary Executab…rmats File System Automount Point.
         Starting Create list of required st…ce nodes for the current kernel...
         Starting Load Kernel Modules...
         Starting Uncomplicated firewall...
         Mounting Huge Pages File System...
[[0;32m  OK  [0m] Listening on Syslog Socket.
         Starting Journal Service...
[[0;32m  OK  [0m] Listening on LVM2 poll daemon socket.
[[0;32m  OK  [0m] Mounted POSIX Message Queue File System.
[[0;32m  OK  [0m] Started Remount Root and Kernel File Systems.
[[0;32m  OK  [0m] Mounted Kernel Debug File System.
[[0;32m  OK  [0m] Started Create list of required sta…vice nodes for the current kernel.
[[0;32m  OK  [0m] Mounted Huge Pages File System.
         Starting Create Static Device Nodes in /dev...
         Starting Load/Save Random Seed...
[[0;32m  OK  [0m] Started Set the console keyboard layout.
[[0;32m  OK  [0m] Started Uncomplicated firewall.
[[0;32m  OK  [0m] Started udev Coldplug all Devices.
[   40.585478] Loading iSCSI transport class v2.0-870.
[[0;32m  OK  [0m] Started Load/Save Random Seed.
[[0;32m  OK  [0m] Started LVM2 metadata daemon.
[[0;32m  OK  [0m] Started Journal Service.
         Starting Flush Journal to Persistent St[   41.036969] iscsi: registered transport (tcp)
orage...
[[0;32m  OK  [0m] Started Create Static Device Nodes in /dev.
         Starting udev Kernel Device Manager...
[   41.448871] systemd-journald[410]: Received request to flush runtime journal from PID 1
[[0;32m  OK  [0m] Started Monitoring of LVM2 mirrors,…sing dmeventd or progress polling.
[[0;32m  OK  [0m] Reached target Local File Systems (Pre).
[[0;32m  OK  [0m] Reached target Local File Systems.
         Starting ebtables ruleset management...
         Starting Tell Plymouth To Write Out Runtime Data...
         Starting AppArmor initialization...
         Starting Set console font and keymap...
[[0;32m  OK  [0m] Started Tell Plymouth To Write Out Runtime Data.
[[0;32m  OK  [0m] Started Set console font and keymap.
[[0;32m  OK  [0m] Started udev Kernel Device Manager.
[[0;32m  OK  [0m] Started Dispatch Password Requests to Console Directory Watch.
[[0;32m  OK  [0m] Reached target Local Encrypted Volumes.
[   43.432446] iscsi: registered transport (iser)
[[0;32m  OK  [0m] Started Load Kernel Modules.
         Mounting FUSE Control File System...
         Starting Apply Kernel Variables...
         Mounting Kernel Configuration File System...
[[0;32m  OK  [0m] Mounted FUSE Control File System.
[[0;32m  OK  [0m] Mounted Kernel Configuration File System.
[[0;32m  OK  [0m] Found device /dev/ttyS0.
[[0;32m  OK  [0m] Started Apply Kernel Variables.
[[0;32m  OK  [0m] Listening on Load/Save RF Kill Switch Status /dev/rfkill Watch.
[[0;32m  OK  [0m] Started ebtables ruleset management.
[[0;32m  OK  [0m] Started Flush Journal to Persistent Storage.
         Starting Create Volatile Files and Directories...
[[0;32m  OK  [0m] Started AppArmor initialization.
[[0;32m  OK  [0m] Started Create Volatile Files and Directories.
         Starting Initial cloud-init job (pre-networking)...
         Starting Update UTMP about System Boot/Shutdown...
[[0;32m  OK  [0m] Started Update UTMP about System Boot/Shutdown.
[   62.701833] cloud-init[544]: Cloud-init v. 19.2-36-g059d049c-0ubuntu2~18.04.1 running 'init-local' at Fri, 13 Dec 2019 12:33:47 +0000. Up 61.00 seconds.
[[0;32m  OK  [0m] Started Initial cloud-init job (pre-networking).
[[0;32m  OK  [0m] Reached target Network (Pre).
         Starting Network Service...
[[0;32m  OK  [0m] Started Network Service.
         Starting Wait for Network to be Configured...
         Starting Network Name Resolution...
[[0;32m  OK  [0m] Started Network Name Resolution.
[[0;32m  OK  [0m] Reached target Host and Network Name Lookups.
[[0;32m  OK  [0m] Reached target Network.
[[0;32m  OK  [0m] Started Wait for Network to be Configured.
         Starting Initial cloud-init job (metadata service crawler)...
[   68.096243] cloud-init[672]: Cloud-init v. 19.2-36-g059d049c-0ubuntu2~18.04.1 running 'init' at Fri, 13 Dec 2019 12:33:52 +0000. Up 66.37 seconds.
[   68.196566] cloud-init[672]: ci-info: ++++++++++++++++++++++++++++++++++++++Net device info+++++++++++++++++++++++++++++++++++++++
[   68.245143] cloud-init[672]: ci-info: +--------+------+-----------------------------+---------------+--------+-------------------+
[   68.330036] cloud-init[672]: ci-info: | Device |  Up  |           Address           |      Mask     | Scope  |     Hw-Address    |
[   68.388271] cloud-init[672]: ci-info: +--------+------+-----------------------------+---------------+--------+-------------------+
[   68.428514] cloud-init[672]: ci-info: | enp0s3 | True |          10.0.2.15          | 255.255.255.0 | global | 02:83:96:c1:64:f9 |
[   68.438517] cloud-init[672]: ci-info: | enp0s3 | True |  fe80::83:96ff:fec1:64f9/64 |       .       |  link  | 02:83:96:c1:64:f9 |
[   68.481081] cloud-init[672]: ci-info: | enp0s8 | True |        192.168.33.10        | 255.255.255.0 | global | 08:00:27:2e:26:98 |
[   68.500820] cloud-init[672]: ci-info: | enp0s8 | True | fe80::a00:27ff:fe2e:2698/64 |       .       |  link  | 08:00:27:2e:26:98 |
[   68.552965] cloud-init[672]: ci-info: |   lo   | True |          127.0.0.1          |   255.0.0.0   |  host  |         .         |
[   68.621066] cloud-init[672]: ci-info: |   lo   | True |           ::1/128           |       .       |  host  |         .         |
[   68.717230] cloud-init[672]: ci-info: +--------+------+-----------------------------+---------------+--------+-------------------+
[   68.825447] cloud-init[672]: ci-info: +++++++++++++++++++++++++++++Route IPv4 info+++++++++++++++++++++++++++++
[   68.904879] cloud-init[672]: ci-info: +-------+--------------+----------+-----------------+-----------+-------+
[   68.965409] cloud-init[672]: ci-info: | Route | Destination  | Gateway  |     Genmask     | Interface | Flags |
[   69.029124] cloud-init[672]: ci-info: +-------+--------------+----------+-----------------+-----------+-------+
[   69.070431] cloud-init[672]: ci-info: |   0   |   0.0.0.0    | 10.0.2.2 |     0.0.0.0     |   enp0s3  |   UG  |
[   69.088304] cloud-init[672]: ci-info: |   1   |   10.0.2.0   | 0.0.0.0  |  255.255.255.0  |   enp0s3  |   U   |
[   69.112863] cloud-init[672]: ci-info: |   2   |   10.0.2.2   | 0.0.0.0  | 255.255.255.255 |   enp0s3  |   UH  |
[   69.192683] cloud-init[672]: ci-info: |   3   | 192.168.33.0 | 0.0.0.0  |  255.255.255.0  |   enp0s8  |   U   |
[   69.251163] cloud-init[672]: ci-info: +-------+--------------+----------+-----------------+-----------+-------+
[   69.276671] cloud-init[672]: ci-info: +++++++++++++++++++Route IPv6 info+++++++++++++++++++
[   69.304799] cloud-init[672]: ci-info: +-------+-------------+---------+-----------+-------+
[   69.325718] cloud-init[672]: ci-info: | Route | Destination | Gateway | Interface | Flags |
[   69.340389] cloud-init[672]: ci-info: +-------+-------------+---------+-----------+-------+
[   69.358839] cloud-init[672]: ci-info: |   1   |  fe80::/64  |    ::   |   enp0s8  |   U   |
[   69.365096] cloud-init[672]: ci-info: |   2   |  fe80::/64  |    ::   |   enp0s3  |   U   |
[   69.428485] cloud-init[672]: ci-info: |   4   |    local    |    ::   |   enp0s3  |   U   |
[   69.435627] cloud-init[672]: ci-info: |   5   |    local    |    ::   |   enp0s8  |   U   |
[   69.440025] cloud-init[672]: ci-info: |   6   |   ff00::/8  |    ::   |   enp0s8  |   U   |
[   69.449052] cloud-init[672]: ci-info: |   7   |   ff00::/8  |    ::   |   enp0s3  |   U   |
[   69.451903] cloud-init[672]: ci-info: +-------+-------------+---------+-----------+-------+
[[0;32m  OK  [0m] Started Initial cloud-init job (metadata service crawler).
[[0;32m  OK  [0m] Reached target System Initialization.
[[0;32m  OK  [0m] Started Discard unused blocks once a week.
         Starting LXD - unix socket.
[[0;32m  OK  [0m] Listening on Open-iSCSI iscsid Socket.
[[0;32m  OK  [0m] Listening on ACPID Listen Socket.
[[0;32m  OK  [0m] Listening on D-Bus System Message Bus Socket.
[[0;32m  OK  [0m] Started Daily Cleanup of Temporary Directories.
[[0;32m  OK  [0m] Started Message of the Day.
[[0;32m  OK  [0m] Started ACPI Events Check.
[[0;32m  OK  [0m] Listening on UUID daemon activation socket.
[[0;32m  OK  [0m] Reached target Paths.
         Starting Socket activation for snappy daemon.
[[0;32m  OK  [0m] Started Daily apt download activities.
[[0;32m  OK  [0m] Started Daily apt upgrade and clean activities.
[[0;32m  OK  [0m] Reached target Timers.
[[0;32m  OK  [0m] Reached target Network is Online.
         Starting Availability of block devices...
[[0;32m  OK  [0m] Reached target Remote File Systems (Pre).
[[0;32m  OK  [0m] Reached target Remote File Systems.
[[0;32m  OK  [0m] Reached target Cloud-config availability.
[[0;32m  OK  [0m] Listening on LXD - unix socket.
[[0;32m  OK  [0m] Listening on Socket activation for snappy daemon.
[[0;32m  OK  [0m] Started Availability of block devices.
[[0;32m  OK  [0m] Reached target Sockets.
[[0;32m  OK  [0m] Reached target Basic System.
         Starting LSB: Record successful boot for GRUB...
[[0;32m  OK  [0m] Started FUSE filesystem for LXC.
         Starting OpenBSD Secure Shell server...
[[0;32m  OK  [0m] Started D-Bus System Message Bus.
         Starting Login Service...
         Starting Snappy daemon...
         Starting System Logging Service...
         Starting Dispatcher daemon for systemd-networkd...
[[0;32m  OK  [0m] Started Deferred execution scheduler.
[[0;32m  OK  [0m] Started irqbalance daemon.
         Starting Permit User Sessions...
         Starting LSB: automatic crash report generation...
[[0;32m  OK  [0m] Started Regular background program processing daemon.
         Starting vboxadd.service...
         Starting Accounts Service...
         Starting LXD - container startup/shutdown...
[[0;32m  OK  [0m] Started Permit User Sessions.
[[0;32m  OK  [0m] Started Login Service.
[[0;32m  OK  [0m] Started Unattended Upgrades Shutdown.
         Starting Terminate Plymouth Boot Screen...
         Starting Hold until boot process finishes up...
[[0;32m  OK  [0m] Started Terminate Plymouth Boot Screen.
[[0;32m  OK  [0m] Started Hold until boot process finishes up.
         Starting Set console scheme...
[[0;32m  OK  [0m] Started Serial Getty on ttyS0.
[[0;32m  OK  [0m] Started OpenBSD Secure Shell server.
[[0;32m  OK  [0m] Started Set console scheme.
[[0;32m  OK  [0m] Created slice system-getty.slice.
[[0;32m  OK  [0m] Started Getty on tty1.
[[0;32m  OK  [0m] Reached target Login Prompts.
[[0;32m  OK  [0m] Started LSB: automatic crash report generation.
[[0;32m  OK  [0m] Started LSB: Record successful boot for GRUB.
[[0;32m  OK  [0m] Started System Logging Service.

Ubuntu 18.04.3 LTS ubuntu-bionic ttyS0

ubuntu-bionic login: [   92.154916] cloud-init[1326]: Cloud-init v. 19.2-36-g059d049c-0ubuntu2~18.04.1 running 'modules:config' at Fri, 13 Dec 2019 12:34:18 +0000. Up 91.79 seconds.
[   93.845407] cloud-init[1523]: Cloud-init v. 19.2-36-g059d049c-0ubuntu2~18.04.1 running 'modules:final' at Fri, 13 Dec 2019 12:34:19 +0000. Up 93.05 seconds.
[   93.849272] cloud-init[1523]: Cloud-init v. 19.2-36-g059d049c-0ubuntu2~18.04.1 finished at Fri, 13 Dec 2019 12:34:20 +0000. Datasource DataSourceNoCloud [seed=/dev/sdb][dsmode=net].  Up 93.82 seconds
[[0;32m  OK  [0m] Closed Load/Save RF Kill Switch Status /dev/rfkill Watch.
         Stopping Authorization Manager...
         Stopping User Manager for UID 1000...
         Stopping Availability of block devices...
[[0;32m  OK  [0m] Stopped target         Stopping vboxadd-service.service...
         Stopping LSB: Record successful boot for GRUB...
         Stopping Unattended Upgrades Shutdown...
         Stopping OpenBSD Secure Shell server...
         Stopping Dispatcher daemon for systemd-networkd...
         Stopping Regular background program processing daemon...
[[0;32m  OK  [0m] Stopped Apply the settings specified in cloud-config.
[[0;32m  OK  [0m] Stopped target Cloud-config availability.
[[0;32m  OK  [0m] Stopped Wait until snapd is fully seeded.
[[0;32m  OK  [0m] Stopped target Network is Online.
         Stopping Accounts Service...
[[0;32m  OK  [0m] Unmounted /var/lib/lxcfs.
[[0;32m  OK  [0m] Stopped System Logging Service.
[[0;32m  OK  [0m] Stopped Dispatcher daemon for systemd-networkd.
[[0;32m  OK  [0m] Stopped Deferred execution scheduler.
[[0;32m  OK  [0m] Stopped irqbalance daemon.
[[0;32m  OK  [0m] Stopped Regular background program processing daemon.
[[0;32m  OK  [0m] Stopped Accounts Service.
[[0;32m  OK  [0m] Stopped Serial Getty on ttyS0.
[[0;32m  OK  [0m] Stopped OpenBSD Secure Shell server.
[[0;32m  OK  [0m] Stopped Getty on tty1.
[[0;32m  OK  [0m] Stopped Authorization Manager.
[[0;32m  OK  [0m] Stopped User Manager for UID 1000.
[[0;32m  OK  [0m] Stopped D-Bus System Message Bus.
[[0;32m  OK  [0m] Stopped vboxadd-service.service.
[[0;32m  OK  [0m] Stopped Session 7 of user vagrant.
         Stopping vboxadd.service...
[[0;32m  OK  [0m] Removed slice User Slice of vagrant.
[[0;32m  OK  [0m] Removed slice system-getty.slice.
         Stopping Permit User Sessions...
[[0;32m  OK  [0m] Removed slice system-serial\x2dgetty.slice.
[[0;32m  OK  [0m] Stopped LSB: automatic crash report generation.
[[0;32m  OK  [0m] Stopped LSB: Record successful boot for GRUB.
[[0;32m  OK  [0m] Stopped Permit User Sessions.
[[0;32m  OK  [0m] Stopped target Remote File Systems.
[[0;32m  OK  [0m] Stopped target Remote File Systems (Pre).
[[0;32m  OK  [0m] Unmounted /run/user/1000.
[[0;32m  OK  [0m] Unmounted /vagrant.
[[0;32m  OK  [0m] Reached target Unmount All Filesystems.
[[0;32m  OK  [0m] Stopped vboxadd.service.
[[0;32m  OK  [0m] Stopped LXD - container startup/shutdown.
[[0;32m  OK  [0m] Stopped FUSE filesystem for LXC.
[[0;32m  OK  [0m] Stopped Unattended Upgrades Shutdown.
[[0;32m  OK  [0m] Stopped Availability of block devices.
[[0;32m  OK  [0m] Stopped target Network.
         Stopping Network Name Resolution...
         Stopping Login Service...
[[0;32m  OK  [0m] Stopped Network Name Resolution.
         Stopping Network Service...
[[0;32m  OK  [0m] Stopped Network Service.
[[0;32m  OK  [0m] Stopped Login Service.
[[0;32m  OK  [0m] Stopped target User and Group Name Lookups.
[[0;32m  OK  [0m] Stopped target Basic System.
[[0;32m  OK  [0m] Stopped target Slices.
[[0;32m  OK  [0m] Stopped target Paths.
[[0;32m  OK  [0m] Stopped ACPI Events Check.
[[0;32m  OK  [0m] Stopped target Sockets.
[[0;32m  OK  [0m] Closed UUID daemon activation socket.
[[0;32m  OK  [0m] Closed D-Bus System Message Bus Socket.
[[0;32m  OK  [0m] Closed Socket activation for snappy daemon.
[[0;32m  OK  [0m] Closed ACPID Listen Socket.
[[0;32m  OK  [0m] Closed Open-iSCSI iscsid Socket.
[[0;32m  OK  [0m] Closed Syslog Socket.
[[0;32m  OK  [0m] Closed LXD - unix socket.
[[0;32m  OK  [0m] Stopped target System Initialization.
         Stopping Load/Save Random Seed...
         Stopping Update UTMP about System Boot/Shutdown...
[[0;32m  OK  [0m] Stopped Initial cloud-init job (metadata service crawler).
[[0;32m  OK  [0m] Stopped target Local Encrypted Volumes.
[[0;32m  OK  [0m] Stopped Forward Password Requests to Wall Directory Watch.
[[0;32m  OK  [0m] Stopped Dispatch Password Requests to Console Directory Watch.
[[0;32m  OK  [0m] Stopped target Swap.
[[0;32m  OK  [0m] Removed slice User and Session Slice.
[[0;32m  OK  [0m] Stopped Apply Kernel Variables.
[[0;32m  OK  [0m] Stopped Load Kernel Modules.
[[0;32m  OK  [0m] Stopped target Network (Pre).
[[0;32m  OK  [0m] Stopped Initial cloud-init job (pre-networking).
[[0;32m  OK  [0m] Stopped Load/Save Random Seed.
[[0;32m  OK  [0m] Stopped Update UTMP about System Boot/Shutdown.
[[0;32m  OK  [0m] Stopped Create Volatile Files and Directories.
[[0;32m  OK  [0m] Stopped target Local File Systems.
[[0;32m  OK  [0m] Stopped target Local File Systems (Pre).
[[0;32m  OK  [0m] Stopped Create Static Device Nodes in /dev.
         Stopping Monitoring of LVM2 mirrors…ng dmeventd or progress polling...
[[0;32m  OK  [0m] Stopped Remount Root and Kernel File Systems.
[[0;32m  OK  [0m] Reached target Shutdown.
[[0;32m  OK  [0m] Reached target Final Step.
         Starting Power-Off...
[[0;32m  OK  [0m] Stopped Monitoring of LVM2 mirrors,…sing dmeventd or progress polling.
         Stopping LVM2 metadata daemon...
[[0;32m  OK  [0m] Stopped LVM2 metadata daemon.
[ 3269.211392] reboot: Power down
